{"level":"info","message":"Hello from Acquisitions!","service":"acquisitions-api","timestamp":"2025-10-01T08:28:36.326Z"}
{"level":"info","message":"::1 - - [01/Oct/2025:08:28:36 +0000] \"GET / HTTP/1.1\" 304 - \"-\" \"Mozilla/5.0 (Windows NT 10.0; Win64; x64) AppleWebKit/537.36 (KHTML, like Gecko) Chrome/140.0.0.0 Safari/537.36\"","service":"acquisitions-api","timestamp":"2025-10-01T08:28:36.362Z"}
{"level":"info","message":"Hello from Acquisitions!","service":"acquisitions-api","timestamp":"2025-10-01T08:28:57.472Z"}
{"level":"info","message":"::1 - - [01/Oct/2025:08:28:57 +0000] \"GET / HTTP/1.1\" 304 - \"-\" \"Mozilla/5.0 (Windows NT 10.0; Win64; x64) AppleWebKit/537.36 (KHTML, like Gecko) Chrome/140.0.0.0 Safari/537.36\"","service":"acquisitions-api","timestamp":"2025-10-01T08:28:57.477Z"}
{"level":"info","message":"Hello from Acquisitions!","service":"acquisitions-api","timestamp":"2025-10-01T12:56:21.193Z"}
{"level":"info","message":"::1 - - [01/Oct/2025:12:56:21 +0000] \"GET / HTTP/1.1\" 200 24 \"-\" \"PostmanRuntime/7.46.0\"","service":"acquisitions-api","timestamp":"2025-10-01T12:56:21.259Z"}
{"level":"info","message":"::1 - - [01/Oct/2025:12:56:27 +0000] \"GET /health HTTP/1.1\" 500 1296 \"-\" \"PostmanRuntime/7.46.0\"","service":"acquisitions-api","timestamp":"2025-10-01T12:56:27.225Z"}
{"level":"info","message":"::1 - - [01/Oct/2025:12:57:14 +0000] \"GET /health HTTP/1.1\" 200 54 \"-\" \"PostmanRuntime/7.46.0\"","service":"acquisitions-api","timestamp":"2025-10-01T12:57:14.775Z"}
{"level":"info","message":"Hello from Acquisitions!","service":"acquisitions-api","timestamp":"2025-10-01T13:00:40.829Z"}
{"level":"info","message":"::1 - - [01/Oct/2025:13:00:40 +0000] \"GET / HTTP/1.1\" 200 24 \"-\" \"HTTPie\"","service":"acquisitions-api","timestamp":"2025-10-01T13:00:40.856Z"}
{"level":"info","message":"Hello from Acquisitions!","service":"acquisitions-api","timestamp":"2025-10-01T13:00:44.507Z"}
{"level":"info","message":"::1 - - [01/Oct/2025:13:00:44 +0000] \"GET / HTTP/1.1\" 200 24 \"-\" \"PostmanRuntime/7.46.0\"","service":"acquisitions-api","timestamp":"2025-10-01T13:00:44.517Z"}
{"level":"info","message":"Hello from Acquisitions!","service":"acquisitions-api","timestamp":"2025-10-01T13:01:24.694Z"}
{"level":"info","message":"::1 - - [01/Oct/2025:13:01:24 +0000] \"GET / HTTP/1.1\" 200 24 \"-\" \"HTTPie\"","service":"acquisitions-api","timestamp":"2025-10-01T13:01:24.699Z"}
{"level":"info","message":"::1 - - [01/Oct/2025:13:02:13 +0000] \"GET /health HTTP/1.1\" 200 74 \"-\" \"HTTPie\"","service":"acquisitions-api","timestamp":"2025-10-01T13:02:13.439Z"}
{"level":"info","message":"::1 - - [01/Oct/2025:13:02:21 +0000] \"GET /api HTTP/1.1\" 200 42 \"-\" \"HTTPie\"","service":"acquisitions-api","timestamp":"2025-10-01T13:02:21.416Z"}
{"level":"info","message":"::1 - - [01/Oct/2025:13:04:27 +0000] \"POST /api/auth/sign-up HTTP/1.1\" 200 7 \"-\" \"HTTPie\"","service":"acquisitions-api","timestamp":"2025-10-01T13:04:27.332Z"}
{"level":"info","message":"::1 - - [01/Oct/2025:13:04:32 +0000] \"POST /api/auth/sign-in HTTP/1.1\" 200 7 \"-\" \"HTTPie\"","service":"acquisitions-api","timestamp":"2025-10-01T13:04:32.660Z"}
{"level":"info","message":"::1 - - [01/Oct/2025:13:04:35 +0000] \"POST /api/auth/sign-out HTTP/1.1\" 200 8 \"-\" \"HTTPie\"","service":"acquisitions-api","timestamp":"2025-10-01T13:04:35.063Z"}
{"level":"info","message":"::1 - - [01/Oct/2025:13:05:04 +0000] \"GET /api HTTP/1.1\" 200 42 \"-\" \"HTTPie\"","service":"acquisitions-api","timestamp":"2025-10-01T13:05:04.676Z"}
{"level":"info","message":"Hello from Acquisitions!","service":"acquisitions-api","timestamp":"2025-10-01T13:06:53.676Z"}
{"level":"info","message":"::1 - - [01/Oct/2025:13:06:53 +0000] \"GET / HTTP/1.1\" 200 24 \"-\" \"PostmanRuntime/7.48.0\"","service":"acquisitions-api","timestamp":"2025-10-01T13:06:53.702Z"}
{"level":"info","message":"::1 - - [01/Oct/2025:13:07:27 +0000] \"GET /health HTTP/1.1\" 200 75 \"-\" \"PostmanRuntime/7.48.0\"","service":"acquisitions-api","timestamp":"2025-10-01T13:07:27.996Z"}
{"level":"info","message":"::1 - - [01/Oct/2025:13:07:55 +0000] \"GET /api HTTP/1.1\" 200 42 \"-\" \"PostmanRuntime/7.48.0\"","service":"acquisitions-api","timestamp":"2025-10-01T13:07:55.655Z"}
{"level":"info","message":"::1 - - [01/Oct/2025:13:09:08 +0000] \"POST /api/auth/sing-in HTTP/1.1\" 404 156 \"-\" \"PostmanRuntime/7.48.0\"","service":"acquisitions-api","timestamp":"2025-10-01T13:09:08.769Z"}
{"level":"info","message":"::1 - - [01/Oct/2025:13:10:03 +0000] \"POST /api/auth/sign-in HTTP/1.1\" 200 7 \"-\" \"PostmanRuntime/7.48.0\"","service":"acquisitions-api","timestamp":"2025-10-01T13:10:03.697Z"}
{"level":"info","message":"::1 - - [01/Oct/2025:13:10:21 +0000] \"POST /api/auth/sign-up HTTP/1.1\" 200 7 \"-\" \"PostmanRuntime/7.48.0\"","service":"acquisitions-api","timestamp":"2025-10-01T13:10:21.587Z"}
{"level":"info","message":"::1 - - [01/Oct/2025:13:11:09 +0000] \"POST /api/auth/sign-out HTTP/1.1\" 200 8 \"-\" \"PostmanRuntime/7.48.0\"","service":"acquisitions-api","timestamp":"2025-10-01T13:11:09.361Z"}
{"level":"info","message":"::1 - - [01/Oct/2025:14:19:29 +0000] \"POST /api/auth/sign-up HTTP/1.1\" 400 64 \"-\" \"PostmanRuntime/7.48.0\"","service":"acquisitions-api","timestamp":"2025-10-01T14:19:29.875Z"}
{"level":"info","message":"::1 - - [01/Oct/2025:14:20:41 +0000] \"POST /api/auth/sign-up HTTP/1.1\" 400 64 \"-\" \"PostmanRuntime/7.48.0\"","service":"acquisitions-api","timestamp":"2025-10-01T14:20:41.653Z"}
{"level":"info","message":"::1 - - [01/Oct/2025:14:20:51 +0000] \"POST /api/auth/sign-up HTTP/1.1\" 400 63 \"-\" \"PostmanRuntime/7.48.0\"","service":"acquisitions-api","timestamp":"2025-10-01T14:20:51.935Z"}
{"level":"error","message":"Error while creating user: TypeError: Cannot convert undefined or null to object","service":"acquisitions-api","timestamp":"2025-10-01T14:21:02.342Z"}
{"level":"error","message":"Signup error Error while creating user","service":"acquisitions-api","stack":"Error: Error while creating user\n    at createUser (file:///C:/Users/apurv/OneDrive/Desktop/Acquisitions/src/services/auth.service.js:51:11)\n    at async signup (file:///C:/Users/apurv/OneDrive/Desktop/Acquisitions/src/controllers/auth.controller.js:19:18)","timestamp":"2025-10-01T14:21:02.345Z"}
{"level":"info","message":"::1 - - [01/Oct/2025:14:21:02 +0000] \"POST /api/auth/sign-up HTTP/1.1\" 500 409 \"-\" \"PostmanRuntime/7.48.0\"","service":"acquisitions-api","timestamp":"2025-10-01T14:21:02.350Z"}
{"level":"error","message":"Error while creating user: TypeError: Cannot convert undefined or null to object","service":"acquisitions-api","timestamp":"2025-10-01T14:22:23.447Z"}
{"level":"error","message":"Signup error Error while creating user","service":"acquisitions-api","stack":"Error: Error while creating user\n    at createUser (file:///C:/Users/apurv/OneDrive/Desktop/Acquisitions/src/services/auth.service.js:51:11)\n    at async signup (file:///C:/Users/apurv/OneDrive/Desktop/Acquisitions/src/controllers/auth.controller.js:19:18)","timestamp":"2025-10-01T14:22:23.448Z"}
{"level":"info","message":"::1 - - [01/Oct/2025:14:22:23 +0000] \"POST /api/auth/sign-up HTTP/1.1\" 500 409 \"-\" \"PostmanRuntime/7.48.0\"","service":"acquisitions-api","timestamp":"2025-10-01T14:22:23.452Z"}
{"level":"error","message":"Error while creating user: TypeError: Cannot convert undefined or null to object","service":"acquisitions-api","timestamp":"2025-10-01T14:24:20.531Z"}
{"level":"error","message":"Signup error Error while creating user","service":"acquisitions-api","stack":"Error: Error while creating user\n    at createUser (file:///C:/Users/apurv/OneDrive/Desktop/Acquisitions/src/services/auth.service.js:51:11)\n    at async signup (file:///C:/Users/apurv/OneDrive/Desktop/Acquisitions/src/controllers/auth.controller.js:19:18)","timestamp":"2025-10-01T14:24:20.541Z"}
{"level":"info","message":"::1 - - [01/Oct/2025:14:24:20 +0000] \"POST /api/auth/sign-up HTTP/1.1\" 500 409 \"-\" \"PostmanRuntime/7.48.0\"","service":"acquisitions-api","timestamp":"2025-10-01T14:24:20.549Z"}
{"level":"info","message":"Hello from Acquisitions!","service":"acquisitions-api","timestamp":"2025-10-01T15:34:49.876Z"}
{"level":"info","message":"::1 - - [01/Oct/2025:15:34:49 +0000] \"GET / HTTP/1.1\" 200 24 \"-\" \"PostmanRuntime/7.48.0\"","service":"acquisitions-api","timestamp":"2025-10-01T15:34:49.902Z"}
{"level":"info","message":"::1 - - [01/Oct/2025:15:35:15 +0000] \"POST /api/auth/sign-in HTTP/1.1\" 200 7 \"-\" \"PostmanRuntime/7.48.0\"","service":"acquisitions-api","timestamp":"2025-10-01T15:35:15.354Z"}
{"level":"info","message":"::1 - - [01/Oct/2025:15:35:15 +0000] \"POST /api/auth/sign-in HTTP/1.1\" 200 7 \"-\" \"PostmanRuntime/7.48.0\"","service":"acquisitions-api","timestamp":"2025-10-01T15:35:15.408Z"}
{"level":"info","message":"::1 - - [01/Oct/2025:15:35:24 +0000] \"POST /api/auth/sign-up HTTP/1.1\" 400 64 \"-\" \"PostmanRuntime/7.48.0\"","service":"acquisitions-api","timestamp":"2025-10-01T15:35:24.887Z"}
{"level":"info","message":"::1 - - [01/Oct/2025:15:36:56 +0000] \"POST /api/auth/sign-up HTTP/1.1\" 400 64 \"-\" \"PostmanRuntime/7.48.0\"","service":"acquisitions-api","timestamp":"2025-10-01T15:36:56.746Z"}
{"level":"error","message":"Error while creating user: TypeError: Cannot convert undefined or null to object","service":"acquisitions-api","timestamp":"2025-10-01T15:37:49.902Z"}
{"level":"error","message":"Signup error Error while creating user","service":"acquisitions-api","stack":"Error: Error while creating user\n    at createUser (file:///C:/Users/apurv/OneDrive/Desktop/Acquisitions/src/services/auth.service.js:51:11)\n    at async signup (file:///C:/Users/apurv/OneDrive/Desktop/Acquisitions/src/controllers/auth.controller.js:19:18)","timestamp":"2025-10-01T15:37:49.904Z"}
{"level":"info","message":"::1 - - [01/Oct/2025:15:37:49 +0000] \"POST /api/auth/sign-up HTTP/1.1\" 500 409 \"-\" \"PostmanRuntime/7.48.0\"","service":"acquisitions-api","timestamp":"2025-10-01T15:37:49.908Z"}
{"level":"info","message":"::1 - - [01/Oct/2025:15:39:11 +0000] \"POST /api/auth/sign-in HTTP/1.1\" 200 7 \"-\" \"HTTPie\"","service":"acquisitions-api","timestamp":"2025-10-01T15:39:11.651Z"}
{"level":"info","message":"::1 - - [01/Oct/2025:15:39:14 +0000] \"POST /api/auth/sign-up HTTP/1.1\" 400 64 \"-\" \"HTTPie\"","service":"acquisitions-api","timestamp":"2025-10-01T15:39:14.490Z"}
{"level":"info","message":"::1 - - [01/Oct/2025:15:39:46 +0000] \"POST /api/auth/sign-up HTTP/1.1\" 400 63 \"-\" \"HTTPie\"","service":"acquisitions-api","timestamp":"2025-10-01T15:39:46.471Z"}
{"level":"error","message":"Error while creating user: TypeError: Cannot convert undefined or null to object","service":"acquisitions-api","timestamp":"2025-10-01T15:39:51.824Z"}
{"level":"error","message":"Signup error:  Error while creating user","service":"acquisitions-api","stack":"Error: Error while creating user\n    at createUser (file:///C:/Users/apurv/OneDrive/Desktop/Acquisitions/src/services/auth.service.js:51:11)\n    at async signup (file:///C:/Users/apurv/OneDrive/Desktop/Acquisitions/src/controllers/auth.controller.js:19:18)","timestamp":"2025-10-01T15:39:51.827Z"}
{"level":"info","message":"::1 - - [01/Oct/2025:15:39:51 +0000] \"POST /api/auth/sign-up HTTP/1.1\" 500 409 \"-\" \"HTTPie\"","service":"acquisitions-api","timestamp":"2025-10-01T15:39:51.831Z"}
{"level":"info","message":"::1 - - [01/Oct/2025:15:46:09 +0000] \"GET /api HTTP/1.1\" 200 42 \"-\" \"PostmanRuntime/7.48.0\"","service":"acquisitions-api","timestamp":"2025-10-01T15:46:09.421Z"}
{"level":"error","message":"Error while creating user: ReferenceError: Cannot access 'hashPassword' before initialization","service":"acquisitions-api","timestamp":"2025-10-01T15:46:13.953Z"}
{"level":"error","message":"Signup error:  Error while creating user","service":"acquisitions-api","stack":"Error: Error while creating user\n    at createUser (file:///C:/Users/apurv/OneDrive/Desktop/Acquisitions/src/services/auth.service.js:51:11)\n    at process.processTicksAndRejections (node:internal/process/task_queues:105:5)\n    at async signup (file:///C:/Users/apurv/OneDrive/Desktop/Acquisitions/src/controllers/auth.controller.js:19:18)","timestamp":"2025-10-01T15:46:13.956Z"}
{"level":"info","message":"::1 - - [01/Oct/2025:15:46:13 +0000] \"POST /api/auth/sign-up HTTP/1.1\" 500 505 \"-\" \"PostmanRuntime/7.48.0\"","service":"acquisitions-api","timestamp":"2025-10-01T15:46:13.962Z"}
{"level":"info","message":"User created successfully: apurvmaurya5@gmail.com","service":"acquisitions-api","timestamp":"2025-10-01T15:46:44.042Z"}
{"level":"info","message":"User registered successfully: apurvmaurya5@gmail.com","service":"acquisitions-api","timestamp":"2025-10-01T15:46:44.067Z"}
{"level":"info","message":"::1 - - [01/Oct/2025:15:46:44 +0000] \"POST /api/auth/sign-up HTTP/1.1\" 201 130 \"-\" \"PostmanRuntime/7.48.0\"","service":"acquisitions-api","timestamp":"2025-10-01T15:46:44.097Z"}
{"level":"error","message":"Error while creating user: Error: User with this email already exists","service":"acquisitions-api","timestamp":"2025-10-01T15:46:59.932Z"}
{"level":"error","message":"Signup error:  Error while creating user","service":"acquisitions-api","stack":"Error: Error while creating user\n    at createUser (file:///C:/Users/apurv/OneDrive/Desktop/Acquisitions/src/services/auth.service.js:51:11)\n    at process.processTicksAndRejections (node:internal/process/task_queues:105:5)\n    at async signup (file:///C:/Users/apurv/OneDrive/Desktop/Acquisitions/src/controllers/auth.controller.js:19:18)","timestamp":"2025-10-01T15:46:59.935Z"}
{"level":"info","message":"::1 - - [01/Oct/2025:15:46:59 +0000] \"POST /api/auth/sign-up HTTP/1.1\" 500 505 \"-\" \"PostmanRuntime/7.48.0\"","service":"acquisitions-api","timestamp":"2025-10-01T15:46:59.940Z"}
{"level":"error","message":"Error while creating user: Error: User with this email already exists","service":"acquisitions-api","timestamp":"2025-10-01T19:41:16.753Z"}
{"level":"error","message":"Signup error:  Error while creating user","service":"acquisitions-api","stack":"Error: Error while creating user\n    at createUser (file:///C:/Users/apurv/OneDrive/Desktop/Acquisitions/src/services/auth.service.js:60:11)\n    at process.processTicksAndRejections (node:internal/process/task_queues:105:5)\n    at async signup (file:///C:/Users/apurv/OneDrive/Desktop/Acquisitions/src/controllers/auth.controller.js:19:18)","timestamp":"2025-10-01T19:41:16.764Z"}
{"level":"info","message":"::1 - - [01/Oct/2025:19:41:16 +0000] \"POST /api/auth/sign-up HTTP/1.1\" 500 505 \"-\" \"PostmanRuntime/7.48.0\"","service":"acquisitions-api","timestamp":"2025-10-01T19:41:16.782Z"}
{"level":"info","message":"User authenticated successfully: apurvmaurya5@gmail.com","service":"acquisitions-api","timestamp":"2025-10-01T19:41:41.178Z"}
{"level":"info","message":"User signed in successfully: apurvmaurya5@gmail.com","service":"acquisitions-api","timestamp":"2025-10-01T19:41:41.192Z"}
{"level":"info","message":"::1 - - [01/Oct/2025:19:41:41 +0000] \"POST /api/auth/sign-in HTTP/1.1\" 200 129 \"-\" \"PostmanRuntime/7.48.0\"","service":"acquisitions-api","timestamp":"2025-10-01T19:41:41.203Z"}
{"level":"info","message":"User signed out successfully","service":"acquisitions-api","timestamp":"2025-10-01T19:41:53.162Z"}
{"level":"info","message":"::1 - - [01/Oct/2025:19:41:53 +0000] \"POST /api/auth/sign-out HTTP/1.1\" 200 42 \"-\" \"PostmanRuntime/7.48.0\"","service":"acquisitions-api","timestamp":"2025-10-01T19:41:53.166Z"}
{"level":"info","message":"::1 - - [02/Oct/2025:07:57:15 +0000] \"GET /health HTTP/1.1\" 200 74 \"-\" \"HTTPie\"","service":"acquisitions-api","timestamp":"2025-10-02T07:57:15.882Z"}
{"level":"info","message":"::1 - - [02/Oct/2025:07:57:17 +0000] \"GET /health HTTP/1.1\" 200 74 \"-\" \"HTTPie\"","service":"acquisitions-api","timestamp":"2025-10-02T07:57:17.603Z"}
{"level":"info","message":"::1 - - [02/Oct/2025:07:57:17 +0000] \"GET /health HTTP/1.1\" 200 74 \"-\" \"HTTPie\"","service":"acquisitions-api","timestamp":"2025-10-02T07:57:17.847Z"}
{"level":"info","message":"::1 - - [02/Oct/2025:07:57:18 +0000] \"GET /health HTTP/1.1\" 200 74 \"-\" \"HTTPie\"","service":"acquisitions-api","timestamp":"2025-10-02T07:57:18.116Z"}
{"level":"info","message":"::1 - - [02/Oct/2025:07:57:18 +0000] \"GET /health HTTP/1.1\" 200 74 \"-\" \"HTTPie\"","service":"acquisitions-api","timestamp":"2025-10-02T07:57:18.346Z"}
{"ip":"::1","level":"warn","message":"Rate limit exceeded","path":"/health","service":"acquisitions-api","timestamp":"2025-10-02T07:57:18.712Z","userAgent":"HTTPie"}
{"level":"info","message":"::1 - - [02/Oct/2025:07:57:18 +0000] \"GET /health HTTP/1.1\" 403 76 \"-\" \"HTTPie\"","service":"acquisitions-api","timestamp":"2025-10-02T07:57:18.716Z"}
{"ip":"::1","level":"warn","message":"Rate limit exceeded","path":"/health","service":"acquisitions-api","timestamp":"2025-10-02T07:57:18.999Z","userAgent":"HTTPie"}
{"level":"info","message":"::1 - - [02/Oct/2025:07:57:19 +0000] \"GET /health HTTP/1.1\" 403 76 \"-\" \"HTTPie\"","service":"acquisitions-api","timestamp":"2025-10-02T07:57:19.003Z"}
{"ip":"::1","level":"warn","message":"Rate limit exceeded","path":"/health","service":"acquisitions-api","timestamp":"2025-10-02T07:57:19.164Z","userAgent":"HTTPie"}
{"level":"info","message":"::1 - - [02/Oct/2025:07:57:19 +0000] \"GET /health HTTP/1.1\" 403 76 \"-\" \"HTTPie\"","service":"acquisitions-api","timestamp":"2025-10-02T07:57:19.166Z"}
{"ip":"::1","level":"warn","message":"Rate limit exceeded","path":"/health","service":"acquisitions-api","timestamp":"2025-10-02T07:57:19.420Z","userAgent":"HTTPie"}
{"level":"info","message":"::1 - - [02/Oct/2025:07:57:19 +0000] \"GET /health HTTP/1.1\" 403 76 \"-\" \"HTTPie\"","service":"acquisitions-api","timestamp":"2025-10-02T07:57:19.422Z"}
{"ip":"::1","level":"warn","message":"Rate limit exceeded","path":"/health","service":"acquisitions-api","timestamp":"2025-10-02T07:57:40.920Z","userAgent":"HTTPie"}
{"level":"info","message":"::1 - - [02/Oct/2025:07:57:40 +0000] \"GET /health HTTP/1.1\" 403 76 \"-\" \"HTTPie\"","service":"acquisitions-api","timestamp":"2025-10-02T07:57:40.937Z"}
